{"/workspaces/exercise-unit-test-with-jest_JuanSeDelgado/app.js": {"path":"/workspaces/exercise-unit-test-with-jest_JuanSeDelgado/app.js","statementMap":{"0":{"start":{"line":3,"column":14},"end":{"line":7,"column":1}},"1":{"start":{"line":10,"column":4},"end":{"line":10,"column":34}},"2":{"start":{"line":14,"column":4},"end":{"line":14,"column":32}},"3":{"start":{"line":18,"column":4},"end":{"line":18,"column":30}},"4":{"start":{"line":21,"column":12},"end":{"line":23,"column":1}},"5":{"start":{"line":22,"column":4},"end":{"line":22,"column":16}},"6":{"start":{"line":26,"column":20},"end":{"line":26,"column":75}},"7":{"start":{"line":28,"column":0},"end":{"line":41,"column":68}},"8":{"start":{"line":41,"column":85},"end":{"line":41,"column":40143}},"9":{"start":{"line":41,"column":89},"end":{"line":41,"column":40132}}},"fnMap":{"0":{"name":"fromDollarToYen","decl":{"start":{"line":9,"column":9},"end":{"line":9,"column":24}},"loc":{"start":{"line":9,"column":33},"end":{"line":11,"column":1}},"line":9},"1":{"name":"fromEuroToDollar","decl":{"start":{"line":13,"column":9},"end":{"line":13,"column":25}},"loc":{"start":{"line":13,"column":32},"end":{"line":15,"column":1}},"line":13},"2":{"name":"fromYenToPound","decl":{"start":{"line":17,"column":9},"end":{"line":17,"column":23}},"loc":{"start":{"line":17,"column":28},"end":{"line":19,"column":1}},"line":17},"3":{"name":"(anonymous_3)","decl":{"start":{"line":21,"column":12},"end":{"line":21,"column":13}},"loc":{"start":{"line":21,"column":21},"end":{"line":23,"column":1}},"line":21},"4":{"name":"oo_cm","decl":{"start":{"line":41,"column":77},"end":{"line":41,"column":82}},"loc":{"start":{"line":41,"column":84},"end":{"line":41,"column":40144}},"line":41}},"branchMap":{"0":{"loc":{"start":{"line":41,"column":96},"end":{"line":41,"column":40131}},"type":"binary-expr","locations":[{"start":{"line":41,"column":96},"end":{"line":41,"column":133}},{"start":{"line":41,"column":137},"end":{"line":41,"column":40131}}],"line":41}},"s":{"0":1,"1":2,"2":3,"3":2,"4":1,"5":2,"6":1,"7":1,"8":1,"9":1},"f":{"0":2,"1":3,"2":2,"3":2,"4":1},"b":{"0":[1,1]},"_coverageSchema":"1a1c01bbd47fc00a2c39e90264f33305004495a9","hash":"710d01183c6608391f58b60ca87b510f73a77372"}
}
